[debug] [2025-02-21T21:10:05.135Z] ----------------------------------------------------------------------
[debug] [2025-02-21T21:10:05.140Z] Command:       /nix/store/z0ivg3dbal4sk5h0c7p1pfkxc7ff98ri-nodejs-20.18.0/bin/node /nix/store/bniblzs9r9xq0n438ld1rzf999r0zxc2-firebase-tools-13.20.2/lib/node_modules/firebase-tools/lib/bin/firebase.js deploy
[debug] [2025-02-21T21:10:05.144Z] CLI Version:   13.20.2
[debug] [2025-02-21T21:10:05.144Z] Platform:      linux
[debug] [2025-02-21T21:10:05.144Z] Node Version:  v20.18.0
[debug] [2025-02-21T21:10:05.144Z] Time:          Fri Feb 21 2025 15:10:05 GMT-0600 (Central Standard Time)
[debug] [2025-02-21T21:10:05.144Z] ----------------------------------------------------------------------
[debug] 
[debug] [2025-02-21T21:10:05.236Z] > command requires scopes: ["email","openid","https://www.googleapis.com/auth/cloudplatformprojects.readonly","https://www.googleapis.com/auth/firebase","https://www.googleapis.com/auth/cloud-platform"]
[debug] [2025-02-21T21:10:05.238Z] > authorizing via signed-in user (austinthebennett@gmail.com)
[debug] [2025-02-21T21:10:05.238Z] [iam] checking project itsthevine for permissions ["firebase.projects.get","firebasehosting.sites.update"]
[debug] [2025-02-21T21:10:05.243Z] Checked if tokens are valid: false, expires at: 1740173017332
[debug] [2025-02-21T21:10:05.243Z] Checked if tokens are valid: false, expires at: 1740173017332
[debug] [2025-02-21T21:10:05.244Z] > refreshing access token with scopes: []
[debug] [2025-02-21T21:10:05.245Z] >>> [apiv2][query] POST https://www.googleapis.com/oauth2/v3/token [none]
[debug] [2025-02-21T21:10:05.245Z] >>> [apiv2][body] POST https://www.googleapis.com/oauth2/v3/token [omitted]
[debug] [2025-02-21T21:10:05.400Z] <<< [apiv2][status] POST https://www.googleapis.com/oauth2/v3/token 200
[debug] [2025-02-21T21:10:05.400Z] <<< [apiv2][body] POST https://www.googleapis.com/oauth2/v3/token [omitted]
[debug] [2025-02-21T21:10:05.410Z] >>> [apiv2][query] POST https://cloudresourcemanager.googleapis.com/v1/projects/itsthevine:testIamPermissions [none]
[debug] [2025-02-21T21:10:05.410Z] >>> [apiv2][(partial)header] POST https://cloudresourcemanager.googleapis.com/v1/projects/itsthevine:testIamPermissions x-goog-quota-user=projects/itsthevine
[debug] [2025-02-21T21:10:05.410Z] >>> [apiv2][body] POST https://cloudresourcemanager.googleapis.com/v1/projects/itsthevine:testIamPermissions {"permissions":["firebase.projects.get","firebasehosting.sites.update"]}
[debug] [2025-02-21T21:10:05.612Z] <<< [apiv2][status] POST https://cloudresourcemanager.googleapis.com/v1/projects/itsthevine:testIamPermissions 200
[debug] [2025-02-21T21:10:05.612Z] <<< [apiv2][body] POST https://cloudresourcemanager.googleapis.com/v1/projects/itsthevine:testIamPermissions {"permissions":["firebase.projects.get","firebasehosting.sites.update"]}
[debug] [2025-02-21T21:10:05.613Z] Checked if tokens are valid: true, expires at: 1740175804400
[debug] [2025-02-21T21:10:05.613Z] Checked if tokens are valid: true, expires at: 1740175804400
[debug] [2025-02-21T21:10:05.613Z] >>> [apiv2][query] GET https://firebase.googleapis.com/v1beta1/projects/itsthevine [none]
[debug] [2025-02-21T21:10:05.920Z] <<< [apiv2][status] GET https://firebase.googleapis.com/v1beta1/projects/itsthevine 200
[debug] [2025-02-21T21:10:05.921Z] <<< [apiv2][body] GET https://firebase.googleapis.com/v1beta1/projects/itsthevine {"projectId":"itsthevine","projectNumber":"314996668200","displayName":"itsthevine","name":"projects/itsthevine","resources":{"hostingSite":"itsthevine"},"state":"ACTIVE","etag":"1_e26b816a-014c-4b87-8a37-384db429b1e6"}
